#
# There is insufficient memory for the Java Runtime Environment to continue.
# Native memory allocation (mmap) failed to map 266338304 bytes. Error detail: G1 virtual space
# Possible reasons:
#   The system is out of physical RAM or swap space
#   This process is running with CompressedOops enabled, and the Java Heap may be blocking the growth of the native heap
# Possible solutions:
#   Reduce memory load on the system
#   Increase physical memory or swap space
#   Check if swap backing store is full
#   Decrease Java heap size (-Xmx/-Xms)
#   Decrease number of Java threads
#   Decrease Java thread stack sizes (-Xss)
#   Set larger code cache with -XX:ReservedCodeCacheSize=
#   JVM is running with Zero Based Compressed Oops mode in which the Java heap is
#     placed in the first 32GB address space. The Java Heap base address is the
#     maximum limit for the native heap growth. Please use -XX:HeapBaseMinAddress
#     to set the Java Heap base and to place the Java Heap above 32GB virtual address.
# This output file may be truncated or incomplete.
#
#  Out of Memory Error (os_windows.cpp:3707), pid=11384, tid=23076
#
# JRE version:  (23.0.2+7) (build )
# Java VM: OpenJDK 64-Bit Server VM (23.0.2+7, mixed mode, sharing, tiered, compressed oops, compressed class ptrs, g1 gc, windows-amd64)
# No core dump will be written. Minidumps are not enabled by default on client versions of Windows
#

---------------  S U M M A R Y ------------

Command Line: -Dfile.encoding=UTF-8 -Dstdout.encoding=UTF-8 -Dstderr.encoding=UTF-8 -XX:+ShowCodeDetailsInExceptionMessages cucumber.api.cli.Main C:/Eal students/URL Repository/PDLConnect_Automation_Testing/src/test/resources/features/Registration_MandatoryField_01.feature --glue classpath: --plugin pretty --monochrome

Host: Intel(R) Celeron(R) N4120 CPU @ 1.10GHz, 4 cores, 15G,  Windows 11 , 64 bit Build 22621 (10.0.22621.4830)
Time: Mon Feb 24 13:22:13 2025 Pacific Standard Time elapsed time: 0.646618 seconds (0d 0h 0m 0s)

---------------  T H R E A D  ---------------

Current thread (0x0000016806b74450):  JavaThread "Unknown thread" [_thread_in_vm, id=23076, stack(0x0000001735400000,0x0000001735500000) (1024K)]

Stack: [0x0000001735400000,0x0000001735500000]
Native frames: (J=compiled Java code, j=interpreted, Vv=VM code, C=native code)
V  [jvm.dll+0x6e8fa9]  (no source info available)
V  [jvm.dll+0x8d96b3]  (no source info available)
V  [jvm.dll+0x8dbb3e]  (no source info available)
V  [jvm.dll+0x8dc213]  (no source info available)
V  [jvm.dll+0x281bc6]  (no source info available)
V  [jvm.dll+0x6e5885]  (no source info available)
V  [jvm.dll+0x6d980a]  (no source info available)
V  [jvm.dll+0x36271a]  (no source info available)
V  [jvm.dll+0x36ab46]  (no source info available)
V  [jvm.dll+0x3570ee]  (no source info available)
V  [jvm.dll+0x357388]  (no source info available)
V  [jvm.dll+0x32fd1c]  (no source info available)
V  [jvm.dll+0x3309be]  (no source info available)
V  [jvm.dll+0x89fde5]  (no source info available)
V  [jvm.dll+0x3c0058]  (no source info available)
V  [jvm.dll+0x88881c]  (no source info available)
V  [jvm.dll+0x45a36e]  (no source info available)
V  [jvm.dll+0x45c181]  (no source info available)
C  [jli.dll+0x5278]  (no source info available)
C  [ucrtbase.dll+0x29333]  (no source info available)
C  [KERNEL32.DLL+0x1259d]  (no source info available)
C  [ntdll.dll+0x5af38]  (no source info available)

Lock stack of current Java thread (top to bottom):


---------------  P R O C E S S  ---------------

Threads class SMR info:
_java_thread_list=0x00007ffa52bf9ad8, length=0, elements={
}

Java Threads: ( => current thread )
Total: 0

Other Threads:
  0x0000016808db8200 WorkerThread "GC Thread#0"                     [id=27828, stack(0x0000001735500000,0x0000001735600000) (1024K)]
  0x0000016808dccea0 ConcurrentGCThread "G1 Main Marker"            [id=23488, stack(0x0000001735600000,0x0000001735700000) (1024K)]
  0x0000016808dd1320 WorkerThread "G1 Conc#0"                       [id=28344, stack(0x0000001735700000,0x0000001735800000) (1024K)]

[error occurred during error reporting (printing all threads), id 0xc0000005, EXCEPTION_ACCESS_VIOLATION (0xc0000005) at pc=0x00007ffa522d338a]
VM state: not at safepoint (not fully initialized)

VM Mutex/Monitor currently owned by a thread:  ([mutex/lock_event])
[0x00007ffa52c7cde8] Heap_lock - owner thread: 0x0000016806b74450

Heap address: 0x0000000702e00000, size: 4050 MB, Compressed Oops mode: Zero based, Oop shift amount: 3

CDS archive(s) mapped at: [0x0000000000000000-0x0000000000000000-0x0000000000000000), size 0, SharedBaseAddress: 0x0000000800000000, ArchiveRelocationMode: 1.
Narrow klass base: 0x0000000000000000, Narrow klass shift: 0, Narrow klass range: 0x0

GC Precious Log:
 CardTable entry size: 512
 Card Set container configuration: InlinePtr #cards 4 size 8 Array Of Cards #cards 16 size 48 Howl #buckets 8 coarsen threshold 3686 Howl Bitmap #cards 512 size 80 coarsen threshold 460 Card regions per heap region 1 cards per card region 4096

Heap:
 garbage-first heap   total reserved 4147200K, committed 0K, used 0K [0x0000000702e00000, 0x0000000800000000)
  region size 2048K, 0 young (0K), 0 survivors (0K)

[error occurred during error reporting (printing heap information), id 0xc0000005, EXCEPTION_ACCESS_VIOLATION (0xc0000005) at pc=0x00007ffa526d5529]
GC Heap History (0 events):
No events

Dll operation events (1 events):
Event: 0.289 Loaded shared library C:\Users\HP\.p2\pool\plugins\org.eclipse.justj.openjdk.hotspot.jre.full.win32.x86_64_23.0.2.v20250131-0604\jre\bin\java.dll

Deoptimization events (0 events):
No events

Classes loaded (0 events):
No events

Classes unloaded (0 events):
No events

Classes redefined (0 events):
No events

Internal exceptions (0 events):
No events

VM Operations (0 events):
No events

Memory protections (0 events):
No events

Nmethod flushes (0 events):
No events

Events (0 events):
No events


Dynamic libraries:
0x00007ff665100000 - 0x00007ff66510e000 	C:\Users\HP\.p2\pool\plugins\org.eclipse.justj.openjdk.hotspot.jre.full.win32.x86_64_23.0.2.v20250131-0604\jre\bin\javaw.exe
0x00007ffaddf90000 - 0x00007ffade1a7000 	C:\WINDOWS\SYSTEM32\ntdll.dll
0x00007ffaaf6e0000 - 0x00007ffaaf6fa000 	C:\Program Files\Avast Software\Avast\aswhook.dll
0x00007ffadc6a0000 - 0x00007ffadc764000 	C:\WINDOWS\System32\KERNEL32.DLL
0x00007ffadb8b0000 - 0x00007ffadbc80000 	C:\WINDOWS\System32\KERNELBASE.dll
0x00007ffad7720000 - 0x00007ffad77b7000 	C:\WINDOWS\SYSTEM32\apphelp.dll
0x00007ffadb620000 - 0x00007ffadb731000 	C:\WINDOWS\System32\ucrtbase.dll
0x00007ffac5f80000 - 0x00007ffac5f97000 	C:\Users\HP\.p2\pool\plugins\org.eclipse.justj.openjdk.hotspot.jre.full.win32.x86_64_23.0.2.v20250131-0604\jre\bin\jli.dll
0x00007ffadcd80000 - 0x00007ffadcf2e000 	C:\WINDOWS\System32\USER32.dll
0x00007ffadb240000 - 0x00007ffadb266000 	C:\WINDOWS\System32\win32u.dll
0x00007ffadcd50000 - 0x00007ffadcd79000 	C:\WINDOWS\System32\GDI32.dll
0x00007ffadb3c0000 - 0x00007ffadb4db000 	C:\WINDOWS\System32\gdi32full.dll
0x00007ffadb270000 - 0x00007ffadb30a000 	C:\WINDOWS\System32\msvcp_win.dll
0x00007ffad5be0000 - 0x00007ffad5bfe000 	C:\Users\HP\.p2\pool\plugins\org.eclipse.justj.openjdk.hotspot.jre.full.win32.x86_64_23.0.2.v20250131-0604\jre\bin\VCRUNTIME140.dll
0x00007ffac1dd0000 - 0x00007ffac2062000 	C:\WINDOWS\WinSxS\amd64_microsoft.windows.common-controls_6595b64144ccf1df_6.0.22621.4830_none_270fe7d773858e80\COMCTL32.dll
0x00007ffadc130000 - 0x00007ffadc1d7000 	C:\WINDOWS\System32\msvcrt.dll
0x00007ffadbe00000 - 0x00007ffadbe31000 	C:\WINDOWS\System32\IMM32.DLL
0x00007ffad5bd0000 - 0x00007ffad5bdc000 	C:\Users\HP\.p2\pool\plugins\org.eclipse.justj.openjdk.hotspot.jre.full.win32.x86_64_23.0.2.v20250131-0604\jre\bin\vcruntime140_1.dll
0x00007ffaa5ea0000 - 0x00007ffaa5f2d000 	C:\Users\HP\.p2\pool\plugins\org.eclipse.justj.openjdk.hotspot.jre.full.win32.x86_64_23.0.2.v20250131-0604\jre\bin\msvcp140.dll
0x00007ffa51f90000 - 0x00007ffa52d5e000 	C:\Users\HP\.p2\pool\plugins\org.eclipse.justj.openjdk.hotspot.jre.full.win32.x86_64_23.0.2.v20250131-0604\jre\bin\server\jvm.dll
0x00007ffadbd40000 - 0x00007ffadbdf1000 	C:\WINDOWS\System32\ADVAPI32.dll
0x00007ffadc060000 - 0x00007ffadc107000 	C:\WINDOWS\System32\sechost.dll
0x00007ffadb390000 - 0x00007ffadb3b8000 	C:\WINDOWS\System32\bcrypt.dll
0x00007ffadc1e0000 - 0x00007ffadc2f4000 	C:\WINDOWS\System32\RPCRT4.dll
0x00007ffadd330000 - 0x00007ffadd3a1000 	C:\WINDOWS\System32\WS2_32.dll
0x00007ffadb120000 - 0x00007ffadb16d000 	C:\WINDOWS\SYSTEM32\POWRPROF.dll
0x00007ffad34e0000 - 0x00007ffad3514000 	C:\WINDOWS\SYSTEM32\WINMM.dll
0x00007ffacd2e0000 - 0x00007ffacd2ea000 	C:\WINDOWS\SYSTEM32\VERSION.dll
0x00007ffadb0f0000 - 0x00007ffadb103000 	C:\WINDOWS\SYSTEM32\UMPDC.dll
0x00007ffada280000 - 0x00007ffada298000 	C:\WINDOWS\SYSTEM32\kernel.appcore.dll
0x00007ffad5b70000 - 0x00007ffad5b7a000 	C:\Users\HP\.p2\pool\plugins\org.eclipse.justj.openjdk.hotspot.jre.full.win32.x86_64_23.0.2.v20250131-0604\jre\bin\jimage.dll
0x00007ffad8d20000 - 0x00007ffad8f52000 	C:\WINDOWS\SYSTEM32\DBGHELP.DLL
0x00007ffadcf30000 - 0x00007ffadd2c0000 	C:\WINDOWS\System32\combase.dll
0x00007ffadd410000 - 0x00007ffadd4e7000 	C:\WINDOWS\System32\OLEAUT32.dll
0x00007ffad1720000 - 0x00007ffad1752000 	C:\WINDOWS\SYSTEM32\dbgcore.DLL
0x00007ffadb5a0000 - 0x00007ffadb61b000 	C:\WINDOWS\System32\bcryptPrimitives.dll
0x00007ffad5af0000 - 0x00007ffad5b0e000 	C:\Users\HP\.p2\pool\plugins\org.eclipse.justj.openjdk.hotspot.jre.full.win32.x86_64_23.0.2.v20250131-0604\jre\bin\java.dll
0x00007ffadc4f0000 - 0x00007ffadc691000 	C:\WINDOWS\System32\ole32.dll
0x00007ffadd6d0000 - 0x00007ffaddf48000 	C:\WINDOWS\System32\SHELL32.dll

dbghelp: loaded successfully - version: 4.0.5 - missing functions: none
symbol engine: initialized successfully - sym options: 0x614 - pdb path: .;C:\Users\HP\.p2\pool\plugins\org.eclipse.justj.openjdk.hotspot.jre.full.win32.x86_64_23.0.2.v20250131-0604\jre\bin;C:\WINDOWS\SYSTEM32;C:\Program Files\Avast Software\Avast;C:\WINDOWS\WinSxS\amd64_microsoft.windows.common-controls_6595b64144ccf1df_6.0.22621.4830_none_270fe7d773858e80;C:\Users\HP\.p2\pool\plugins\org.eclipse.justj.openjdk.hotspot.jre.full.win32.x86_64_23.0.2.v20250131-0604\jre\bin\server

VM Arguments:
jvm_args: -Dfile.encoding=UTF-8 -Dstdout.encoding=UTF-8 -Dstderr.encoding=UTF-8 -XX:+ShowCodeDetailsInExceptionMessages 
java_command: cucumber.api.cli.Main C:/Eal students/URL Repository/PDLConnect_Automation_Testing/src/test/resources/features/Registration_MandatoryField_01.feature --glue classpath: --plugin pretty --monochrome
java_class_path (initial): C:\Eal students\URL Repository\PDLConnect_Automation_Testing\target\classes;C:\Eal students\URL Repository\PDLConnect_Automation_Testing\target\test-classes;C:\Users\HP\.m2\repository\junit\junit\4.11\junit-4.11.jar;C:\Users\HP\.m2\repository\org\hamcrest\hamcrest-core\1.3\hamcrest-core-1.3.jar;C:\Users\HP\.m2\repository\org\seleniumhq\selenium\selenium-java\4.11.0\selenium-java-4.11.0.jar;C:\Users\HP\.m2\repository\org\seleniumhq\selenium\selenium-api\4.11.0\selenium-api-4.11.0.jar;C:\Users\HP\.m2\repository\org\seleniumhq\selenium\selenium-chrome-driver\4.11.0\selenium-chrome-driver-4.11.0.jar;C:\Users\HP\.m2\repository\com\google\auto\service\auto-service-annotations\1.0.1\auto-service-annotations-1.0.1.jar;C:\Users\HP\.m2\repository\com\google\guava\guava\31.1-jre\guava-31.1-jre.jar;C:\Users\HP\.m2\repository\com\google\guava\failureaccess\1.0.1\failureaccess-1.0.1.jar;C:\Users\HP\.m2\repository\com\google\guava\listenablefuture\9999.0-empty-to-avoid-conflict-with-guava\listenablefuture-9999.0-empty-to-avoid-conflict-with-guava.jar;C:\Users\HP\.m2\repository\com\google\code\findbugs\jsr305\3.0.2\jsr305-3.0.2.jar;C:\Users\HP\.m2\repository\com\google\errorprone\error_prone_annotations\2.11.0\error_prone_annotations-2.11.0.jar;C:\Users\HP\.m2\repository\com\google\j2objc\j2objc-annotations\1.3\j2objc-annotations-1.3.jar;C:\Users\HP\.m2\repository\org\seleniumhq\selenium\selenium-chromium-driver\4.11.0\selenium-chromium-driver-4.11.0.jar;C:\Users\HP\.m2\repository\org\seleniumhq\selenium\selenium-json\4.11.0\selenium-json-4.11.0.jar;C:\Users\HP\.m2\repository\org\seleniumhq\selenium\selenium-manager\4.11.0\selenium-manager-4.11.0.jar;C:\Users\HP\.m2\repository\org\seleniumhq\selenium\selenium-devtools-v113\4.11.0\selenium-devtools-v113-4.11.0.jar;C:\Users\HP\.m2\repository\org\seleniumhq\selenium\selenium-devtools-v114\4.11.0\selenium-devtools-v114-4.11.0.jar;C:\Users\HP\.m2\repository\org\seleniumhq\selenium\selenium-devtools-v115\4.11.0\selenium-devtools-v115-4.11.0.jar;C:\Users\HP\.m2\repository\org\seleniumhq\selenium\selenium-devtools-v85\4.11.0\selenium-devtools-v85-4.11.0.jar;C:\Users\HP\.m2\repository\org\seleniumhq\selenium\selenium-edge-driver\4.11.0\selenium-edge-driver-4.11.0.jar;C:\Users\HP\.m2\repository\org\seleniumhq\selenium\selenium-firefox-driver\4.11.0\selenium-firefox-driver-4.11.0.jar;C:\Users\HP\.m2\repository\org\seleniumhq\selenium\selenium-http\4.11.0\selenium-http-4.11.0.jar;C:\Users\HP\.m2\repository\dev\failsafe\failsafe\3.3.1\failsafe-3.3.1.jar;C:\Users\HP\.m2\repository\org\seleniumhq\selenium\selenium-ie-driver\4.11.0\selenium-ie-driver-4.11.0.jar;C:\Users\HP\.m2\repository\org\seleniumhq\selenium\selenium-remote-driver\4.11.0\selenium-remote-driver-4.11.0.jar;C:\Users\HP\.m2\repository\io\netty\netty-buffer\4.1.92.Final\netty-buffer-4.1.92.Final.jar;C:\Users\HP\.m2\repository\io\netty\netty-codec-http\4.1.92.Final\netty-codec-http-4.1.92.Final.jar;C:\Users\HP\.m2\repository\io\netty\netty-codec\4.1.92.Final\netty-codec-4.1.92.Final.jar;C:\Users\HP\.m2\repository\io\netty\netty-handler\4.1.92.Final\netty-handler-4.1.92.Final.jar;C:\Users\HP\.m2\repository\io\netty\netty-common\4.1.92.Final\netty-common-4.1.92.Final.jar;C:\Users\HP\.m2\repository\io\netty\netty-transport-classes-epoll\4.1.92.Final\netty-transport-classes-epoll-4.1.92.Final.jar;C:\Users\HP\.m2\repository\io\netty\netty-transport-classes-kqueue\4.1.92.Final\netty-transport-classes-kqueue-4.1.92.Final.jar;C:\Users\HP\.m2\repository\io\netty\netty-transport-native-epoll\4.1.92.Final\netty-transport-native-epoll-4.1.92.Final.jar;C:\Users\HP\.m2\repository\io\netty\netty-transport-native-kqueue\4.1.92.Final\netty-transport-native-kqueue-4.1.92.Final.jar;C:\Users\HP\.m2\repository\io\netty\netty-transport-native-unix-common\4.1.92.Final\netty-transport-native-unix-common-4.1.92.Final.jar;C:\Users\HP\.m2\repository\io\netty\netty-transport\4.1.92.Final\netty-transport-4.1.92.Final.jar;C:\Users\HP\.m2\repository\io\netty\netty-resolver\4.1.92.Final\netty-resolver-4.1.92.Final.jar;C:\Users\HP\.m2\repository\io\opentelemetry\opentelemetry-api\1.26.0\opentelemetry-api-1.26.0.jar;C:\Users\HP\.m2\repository\io\opentelemetry\opentelemetry-context\1.26.0\opentelemetry-context-1.26.0.jar;C:\Users\HP\.m2\repository\io\opentelemetry\opentelemetry-exporter-logging\1.26.0\opentelemetry-exporter-logging-1.26.0.jar;C:\Users\HP\.m2\repository\io\opentelemetry\opentelemetry-sdk-metrics\1.26.0\opentelemetry-sdk-metrics-1.26.0.jar;C:\Users\HP\.m2\repository\io\opentelemetry\opentelemetry-extension-incubator\1.26.0-alpha\opentelemetry-extension-incubator-1.26.0-alpha.jar;C:\Users\HP\.m2\repository\io\opentelemetry\opentelemetry-sdk-logs\1.26.0-alpha\opentelemetry-sdk-logs-1.26.0-alpha.jar;C:\Users\HP\.m2\repository\io\opentelemetry\opentelemetry-api-logs\1.26.0-alpha\opentelemetry-api-logs-1.26.0-alpha.jar;C:\Users\HP\.m2\repository\io\opentelemetry\opentelemetry-api-events\1.26.0-alpha\opentelemetry-api-events-1.26.0-alpha.jar;C:\Users\HP\.m2\repository\io\opentelemetry\opentelemetry-sdk-common\1.26.0\opentelemetry-sdk-common-1.26.0.jar;C:\Users\HP\.m2\repository\io\opentelemetry\opentelemetry-sdk-extension-autoconfigure-spi\1.26.0\opentelemetry-sdk-extension-autoconfigure-spi-1.26.0.jar;C:\Users\HP\.m2\repository\io\opentelemetry\opentelemetry-sdk-extension-autoconfigure\1.26.0-alpha\opentelemetry-sdk-extension-autoconfigure-1.26.0-alpha.jar;C:\Users\HP\.m2\repository\io\opentelemetry\opentelemetry-sdk-trace\1.26.0\opentelemetry-sdk-trace-1.26.0.jar;C:\Users\HP\.m2\repository\io\opentelemetry\opentelemetry-sdk\1.26.0\opentelemetry-sdk-1.26.0.jar;C:\Users\HP\.m2\repository\io\opentelemetry\opentelemetry-semconv\1.26.0-alpha\opentelemetry-semconv-1.26.0-alpha.jar;C:\Users\HP\.m2\repository\net\bytebuddy\byte-buddy\1.14.4\byte-buddy-1.14.4.jar;C:\Users\HP\.m2\repository\org\apache\commons\commons-exec\1.3\commons-exec-1.3.jar;C:\Users\HP\.m2\repository\org\asynchttpclient\async-http-client\2.12.3\async-http-client-2.12.3.jar;C:\Users\HP\.m2\repository\org\asynchttpclient\async-http-client-netty-utils\2.12.3\async-http-client-netty-utils-2.12.3.jar;C:\Users\HP\.m2\repository\io\netty\netty-codec-socks\4.1.60.Final\netty-codec-socks-4.1.60.Final.jar;C:\Users\HP\.m2\repository\io\netty\netty-handler-proxy\4.1.60.Final\netty-handler-proxy-4.1.60.Final.jar;C:\Users\HP\.m2\repository\io\netty\netty-transport-native-epoll\4.1.60.Final\netty-transport-native-epoll-4.1.60.Final-linux-x86_64.jar;C:\Users\HP\.m2\repository\io\netty\netty-transport-native-kqueue\4.1.60.Final\netty-transport-native-kqueue-4.1.60.Final-osx-x86_64.jar;C:\Users\HP\.m2\repository\com\typesafe\netty\netty-reactive-streams\2.0.4\netty-reactive-streams-2.0.4.jar;C:\Users\HP\.m2\repository\com\sun\activation\jakarta.activation\1.2.2\jakarta.activation-1.2.2.jar;C:\Users\HP\.m2\repository\org\seleniumhq\selenium\selenium-safari-driver\4.11.0\selenium-safari-driver-4.11.0.jar;C:\Users\HP\.m2\repository\org\seleniumhq\selenium\selenium-support\4.11.0\selenium-support-4.11.0.jar;C:\Users\HP\.m2\repository\org\testng\testng\7.8.0\testng-7.8.0.jar;C:\Users\HP\.m2\repository\org\slf4j\slf4j-api\1.7.36\slf4j-api-1.7.36.jar;C:\Users\HP\.m2\repository\com\beust\jcommander\1.82\jcommander-1.82.jar;C:\Users\HP\.m2\repository\org\webjars\jquery\3.6.1\jquery-3.6.1.jar;C:\Users\HP\.m2\repository\org\apache\poi\poi\3.17\poi-3.17.jar;C:\Users\HP\.m2\repository\commons-codec\commons-codec\1.10\commons-codec-1.10.jar;C:\Users\HP\.m2\repository\org\apache\commons\commons-collections4\4.1\commons-collections4-4.1.jar;C:\Users\HP\.m2\repository\org\apache\poi\poi-ooxml\3.17\poi-ooxml-3.17.jar;C:\Users\HP\.m2\repository\org\apache\poi\poi-ooxml-schemas\3.17\poi-ooxml-schemas-3.17.jar;C:\Users\HP\.m2\repository\org\apache\xmlbeans\xmlbeans\2.6.0\xmlbeans-2.6.0.jar;C:\Users\HP\.m2\repository\stax\stax-api\1.0.1\stax-api-1.0.1.jar;C:\Users\HP\.m2\repository\com\github\virtuald\curvesapi\1.04\curvesapi-1.04.jar;C:\Users\HP\.m2\repository\org\apache\logging\log4j\log4j-core\2.23.1\log4j-core-2.23.1.jar;C:\Users\HP\.m2\repository\org\apache\logging\log4j\log4j-api\2.23.1\log4j-api-2.23.1.jar;C:\Users\HP\.m2\repository\io\github\bonigarcia\webdrivermanager\5.5.3\webdrivermanager-5.5.3.jar;C:\Users\HP\.m2\repository\com\google\code\gson\gson\2.10.1\gson-2.10.1.jar;C:\Users\HP\.m2\repository\com\github\docker-java\docker-java\3.3.3\docker-java-3.3.3.jar;C:\Users\HP\.m2\repository\com\github\docker-java\docker-java-core\3.3.3\docker-java-core-3.3.3.jar;C:\Users\HP\.m2\repository\com\github\docker-java\docker-java-api\3.3.3\docker-java-api-3.3.3.jar;C:\Users\HP\.m2\repository\com\fasterxml\jackson\core\jackson-annotations\2.10.3\jackson-annotations-2.10.3.jar;C:\Users\HP\.m2\repository\org\apache\commons\commons-compress\1.21\commons-compress-1.21.jar;C:\Users\HP\.m2\repository\com\fasterxml\jackson\core\jackson-databind\2.10.3\jackson-databind-2.10.3.jar;C:\Users\HP\.m2\repository\com\fasterxml\jackson\core\jackson-core\2.10.3\jackson-core-2.10.3.jar;C:\Users\HP\.m2\repository\org\bouncycastle\bcpkix-jdk18on\1.75\bcpkix-jdk18on-1.75.jar;C:\Users\HP\.m2\repository\org\bouncycastle\bcprov-jdk18on\1.75\bcprov-jdk18on-1.75.jar;C:\Users\HP\.m2\repository\org\bouncycastle\bcutil-jdk18on\1.75\bcutil-jdk18on-1.75.jar;C:\Users\HP\.m2\repository\org\slf4j\jcl-over-slf4j\1.7.30\jcl-over-slf4j-1.7.30.jar;C:\Users\HP\.m2\repository\com\github\docker-java\docker-java-transport-httpclient5\3.3.3\docker-java-transport-httpclient5-3.3.3.jar;C:\Users\HP\.m2\repository\com\github\docker-java\docker-java-transport\3.3.3\docker-java-transport-3.3.3.jar;C:\Users\HP\.m2\repository\net\java\dev\jna\jna\5.12.1\jna-5.12.1.jar;C:\Users\HP\.m2\repository\org\brotli\dec\0.1.2\dec-0.1.2.jar;C:\Users\HP\.m2\repository\org\apache\commons\commons-lang3\3.13.0\commons-lang3-3.13.0.jar;C:\Users\HP\.m2\repository\org\apache\httpcomponents\client5\httpclient5\5.2.1\httpclient5-5.2.1.jar;C:\Users\HP\.m2\repository\org\apache\httpcomponents\core5\httpcore5\5.2\httpcore5-5.2.jar;C:\Users\HP\.m2\repository\org\apache\httpcomponents\core5\httpcore5-h2\5.2\httpcore5-h2-5.2.jar;C:\Users\HP\.m2\repository\com\aventstack\extentreports\5.1.1\extentreports-5.1.1.jar;C:\Users\HP\.m2\repository\io\reactivex\rxjava3\rxjava\3.1.6\rxjava-3.1.6.jar;C:\Users\HP\.m2\repository\org\reactivestreams\reactive-streams\1.0.4\reactive-streams-1.0.4.jar;C:\Users\HP\.m2\repository\org\freemarker\freemarker\2.3.32\freemarker-2.3.32.jar;C:\Users\HP\.m2\repository\org\projectlombok\lombok\1.18.26\lombok-1.18.26.jar;C:\Users\HP\.m2\repository\io\rest-assured\rest-assured\3.1.1\rest-assured-3.1.1.jar;C:\Users\HP\.m2\repository\org\codehaus\groovy\groovy\2.4.12\groovy-2.4.12.jar;C:\Users\HP\.m2\repository\org\codehaus\groovy\groovy-xml\2.4.12\groovy-xml-2.4.12.jar;C:\Users\HP\.m2\repository\org\apache\httpcomponents\httpclient\4.5.3\httpclient-4.5.3.jar;C:\Users\HP\.m2\repository\org\apache\httpcomponents\httpcore\4.4.6\httpcore-4.4.6.jar;C:\Users\HP\.m2\repository\commons-logging\commons-logging\1.2\commons-logging-1.2.jar;C:\Users\HP\.m2\repository\org\apache\httpcomponents\httpmime\4.5.1\httpmime-4.5.1.jar;C:\Users\HP\.m2\repository\org\hamcrest\hamcrest-library\1.3\hamcrest-library-1.3.jar;C:\Users\HP\.m2\repository\org\ccil\cowan\tagsoup\tagsoup\1.2.1\tagsoup-1.2.1.jar;C:\Users\HP\.m2\repository\io\rest-assured\json-path\3.1.1\json-path-3.1.1.jar;C:\Users\HP\.m2\repository\org\codehaus\groovy\groovy-json\2.4.12\groovy-json-2.4.12.jar;C:\Users\HP\.m2\repository\io\rest-assured\xml-path\3.1.1\xml-path-3.1.1.jar;C:\Users\HP\.m2\repository\javax\xml\bind\jaxb-api\2.2.12\jaxb-api-2.2.12.jar;C:\Users\HP\.m2\repository\io\rest-assured\rest-assured-common\5.3.2\rest-assured-common-5.3.2.jar;C:\Users\HP\.m2\repository\org\apache\groovy\groovy\4.0.11\groovy-4.0.11.jar;C:\Users\HP\.m2\repository\io\cucumber\cucumber-core\7.17.0\cucumber-core-7.17.0.jar;C:\Users\HP\.m2\repository\io\cucumber\cucumber-gherkin\7.17.0\cucumber-gherkin-7.17.0.jar;C:\Users\HP\.m2\repository\io\cucumber\cucumber-gherkin-messages\7.17.0\cucumber-gherkin-messages-7.17.0.jar;C:\Users\HP\.m2\repository\io\cucumber\gherkin\28.0.0\gherkin-28.0.0.jar;C:\Users\HP\.m2\repository\io\cucumber\messages\24.1.0\messages-24.1.0.jar;C:\Users\HP\.m2\repository\io\cucumber\testng-xml-formatter\0.1.0\testng-xml-formatter-0.1.0.jar;C:\Users\HP\.m2\repository\io\cucumber\query\12.2.0\query-12.2.0.jar;C:\Users\HP\.m2\repository\io\cucumber\tag-expressions\6.1.0\tag-expressions-6.1.0.jar;C:\Users\HP\.m2\repository\io\cucumber\cucumber-expressions\17.1.0\cucumber-expressions-17.1.0.jar;C:\Users\HP\.m2\repository\io\cucumber\datatable\7.17.0\datatable-7.17.0.jar;C:\Users\HP\.m2\repository\io\cucumber\cucumber-plugin\7.17.0\cucumber-plugin-7.17.0.jar;C:\Users\HP\.m2\repository\io\cucumber\docstring\7.17.0\docstring-7.17.0.jar;C:\Users\HP\.m2\repository\io\cucumber\html-formatter\21.3.1\html-formatter-21.3.1.jar;C:\Users\HP\.m2\repository\io\cucumber\junit-xml-formatter\0.4.0\junit-xml-formatter-0.4.0.jar;C:\Users\HP\.m2\repository\io\cucumber\ci-environment\10.0.1\ci-environment-10.0.1.jar;C:\Users\HP\.m2\repository\org\apiguardian\apiguardian-api\1.1.2\apiguardian-api-1.1.2.jar;C:\Users\HP\.m2\repository\io\cucumber\cucumber-java\7.14.0\cucumber-java-7.14.0.jar;C:\Users\HP\.m2\repository\io\cucumber\cucumber-junit\7.14.0\cucumber-junit-7.14.0.jar;C:\Users\HP\.m2\repository\com\vimalselvam\cucumber-extentsreport\3.1.1\cucumber-extentsreport-3.1.1.jar;C:\Users\HP\.m2\repository\io\cucumber\cucumber-testng\7.14.0\cucumber-testng-7.14.0.jar;C:\Users\HP\.m2\repository\tech\grasshopper\extentreports-cucumber7-adapter\1.14.0\extentreports-cucumber7-adapter-1.14.0.jar;C:\Users\HP\.m2\repository\tech\grasshopper\extent-pdf-report\2.12.0\extent-pdf-report-2.12.0.jar;C:\Users\HP\.m2\repository\tech\grasshopper\cucumber-pdf-report\2.14.0\cucumber-pdf-report-2.14.0.jar;C:\Users\HP\.m2\repository\org\apache\pdfbox\pdfbox\2.0.26\pdfbox-2.0.26.jar;C:\Users\HP\.m2\repository\org\apache\pdfbox\fontbox\2.0.26\fontbox-2.0.26.jar;C:\Users\HP\.m2\repository\org\knowm\xchart\xchart\3.8.0\xchart-3.8.0.jar;C:\Users\HP\.m2\repository\de\erichseifert\vectorgraphics2d\VectorGraphics2D\0.13\VectorGraphics2D-0.13.jar;C:\Users\HP\.m2\repository\de\rototor\pdfbox\graphics2d\0.30\graphics2d-0.30.jar;C:\Users\HP\.m2\repository\com\madgag\animated-gif-lib\1.4\animated-gif-lib-1.4.jar;C:\Users\HP\.m2\repository\org\yaml\snakeyaml\2.0\snakeyaml-2.0.jar;C:\Users\HP\.m2\repository\tech\grasshopper\table-layout\1.5.1\table-layout-1.5.1.jar;C:\Users\HP\.m2\repository\tech\grasshopper\rest-assured-cucumber-pdf-report\1.5.0\rest-assured-cucumber-pdf-report-1.5.0.jar;C:\Users\HP\.m2\repository\org\jsoup\jsoup\1.15.3\jsoup-1.15.3.jar;C:\Users\HP\.m2\repository\com\aventstack\klov-reporter\5.1.0\klov-reporter-5.1.0.jar;C:\Users\HP\.m2\repository\org\mongodb\mongodb-driver\3.6.4\mongodb-driver-3.6.4.jar;C:\Users\HP\.m2\repository\org\mongodb\mongodb-driver-core\3.6.4\mongodb-driver-core-3.6.4.jar;C:\Users\HP\.m2\repository\org\mongodb\bson\3.6.4\bson-3.6.4.jar;C:\Users\HP\.m2\repository\tech\grasshopper\htmlextentreporter\1.1.0\htmlextentreporter-1.1.0.jar;C:\Users\HP\.m2\repository\tech\grasshopper\extent-excel-report\1.4.0\extent-excel-report-1.4.0.jar;C:\Users\HP\.m2\repository\commons-io\commons-io\2.16.1\commons-io-2.16.1.jar;C:\Users\HP\.m2\repository\org\fusesource\jansi\jansi\1.11\jansi-1.11.jar;C:\Users\HP\.m2\repository\org\apache\tomcat\tomcat-jdbc\9.0.22\tomcat-jdbc-9.0.22.jar;C:\Users\HP\.m2\repository\org\apache\tomcat\tomcat-juli\9.0.22\tomcat-juli-9.0.22.jar;C:\Users\HP\.m2\repository\org\springframework\spring-jdbc\5.1.5.RELEASE\spring-jdbc-5.1.5.RELEASE.jar;C:\Users\HP\.m2\repository\org\springframework\spring-beans\5.1.5.RELEASE\spring-beans-5.1.5.RELEASE.jar;C:\Users\HP\.m2\repository\org\springframework\spring-core\5.1.5.RELEASE\spring-core-5.1.5.RELEASE.jar;C:\Users\HP\.m2\repository\org\springframework\spring-jcl\5.1.5.RELEASE\spring-jcl-5.1.5.RELEASE.jar;C:\Users\HP\.m2\repository\org\springframework\spring-tx\5.1.5.RELEASE\spring-tx-5.1.5.RELEASE.jar;C:\Users\HP\.m2\repository\com\github\javafaker\javafaker\0.16\javafaker-0.16.jar;C:\Users\HP\.m2\repository\org\yaml\snakeyaml\1.20\snakeyaml-1.20-android.jar;C:\Users\HP\.m2\repository\com\github\mifmif\generex\1.0.2\generex-1.0.2.jar;C:\Users\HP\.m2\repository\dk\brics\automaton\automaton\1.11-8\automaton-1.11-8.jar;C:\Users\HP\.m2\repository\org\postgresql\postgresql\42.3.9\postgresql-42.3.9.jar;C:\Users\HP\.m2\repository\org\checkerframework\checker-qual\3.5.0\checker-qual-3.5.0.jar;C:\Users\HP\.m2\repository\net\sourceforge\htmlunit\webdriver\2.6\webdriver-2.6.jar;C:\Users\HP\.m2\repository\org\seleniumhq\webdriver\webdriver-common\0.9.7089\webdriver-common-0.9.7089.jar;C:\Users\HP\.m2\repository\net\sourceforge\htmlunit\htmlunit\2.6\htmlunit-2.6.jar;C:\Users\HP\.m2\repository\xalan\xalan\2.7.1\xalan-2.7.1.jar;C:\Users\HP\.m2\repository\xalan\serializer\2.7.1\serializer-2.7.1.jar;C:\Users\HP\.m2\repository\commons-collections\commons-collections\3.2.1\commons-collections-3.2.1.jar;C:\Users\HP\.m2\repository\commons-lang\commons-lang\2.4\commons-lang-2.4.jar;C:\Users\HP\.m2\repository\commons-httpclient\commons-httpclient\3.1\commons-httpclient-3.1.jar;C:\Users\HP\.m2\repository\net\sourceforge\htmlunit\htmlunit-core-js\2.6\htmlunit-core-js-2.6.jar;C:\Users\HP\.m2\repository\xerces\xercesImpl\2.9.1\xercesImpl-2.9.1.jar;C:\Users\HP\.m2\repository\xml-apis\xml-apis\1.3.04\xml-apis-1.3.04.jar;C:\Users\HP\.m2\repository\net\sourceforge\nekohtml\nekohtml\1.9.13\nekohtml-1.9.13.jar;C:\Users\HP\.m2\repository\net\sourceforge\cssparser\cssparser\0.9.5\cssparser-0.9.5.jar;C:\Users\HP\.m2\repository\org\w3c\css\sac\1.3\sac-1.3.jar;C:\Users\HP\.m2\repository\com\codoid\products\fillo\1.18\fillo-1.18.jar;C:\Users\HP\.m2\repository\org\apache\logging\log4j\log4j-slf4j-impl\2.18.0\log4j-slf4j-impl-2.18.0.jar
Launcher Type: SUN_STANDARD

[Global flags]
     intx CICompilerCount                          = 3                                         {product} {ergonomic}
     uint ConcGCThreads                            = 1                                         {product} {ergonomic}
     uint G1ConcRefinementThreads                  = 4                                         {product} {ergonomic}
   size_t G1HeapRegionSize                         = 2097152                                   {product} {ergonomic}
   size_t InitialHeapSize                          = 266338304                                 {product} {ergonomic}
   size_t MarkStackSize                            = 4194304                                   {product} {ergonomic}
   size_t MarkStackSizeMax                         = 536870912                                 {product} {ergonomic}
   size_t MaxHeapSize                              = 4246732800                                {product} {ergonomic}
   size_t MinHeapDeltaBytes                        = 2097152                                   {product} {ergonomic}
   size_t MinHeapSize                              = 8388608                                   {product} {ergonomic}
    uintx NonNMethodCodeHeapSize                   = 5832704                                {pd product} {ergonomic}
    uintx NonProfiledCodeHeapSize                  = 122945536                              {pd product} {ergonomic}
    uintx ProfiledCodeHeapSize                     = 122880000                              {pd product} {ergonomic}
    uintx ReservedCodeCacheSize                    = 251658240                              {pd product} {ergonomic}
     bool SegmentedCodeCache                       = true                                      {product} {ergonomic}
     bool ShowCodeDetailsInExceptionMessages       = true                                   {manageable} {command line}
   size_t SoftMaxHeapSize                          = 4246732800                             {manageable} {ergonomic}
     bool UseCompressedOops                        = true                           {product lp64_product} {ergonomic}
     bool UseG1GC                                  = true                                      {product} {ergonomic}
     bool UseLargePagesIndividualAllocation        = false                                  {pd product} {ergonomic}

Logging:
Log output configuration:
 #0: stdout all=warning uptime,level,tags foldmultilines=false
 #1: stderr all=off uptime,level,tags foldmultilines=false

Environment Variables:
JAVA_HOME=C:\Program Files\Java\jdk-17.0.5
PATH=C:/Users/HP/.p2/pool/plugins/org.eclipse.justj.openjdk.hotspot.jre.full.win32.x86_64_23.0.2.v20250131-0604/jre/bin/server;C:/Users/HP/.p2/pool/plugins/org.eclipse.justj.openjdk.hotspot.jre.full.win32.x86_64_23.0.2.v20250131-0604/jre/bin;C:\Program Files (x86)\Common Files\Oracle\Java\javapath;C:\WINDOWS\system32;C:\WINDOWS;C:\WINDOWS\System32\Wbem;C:\WINDOWS\System32\WindowsPowerShell\v1.0\;C:\WINDOWS\System32\OpenSSH\;C:\Program Files\Git\cmd;C:\Program Files\nodejs\;C:\Users\HP\AppData\Local\Microsoft\WindowsApps;C:\Program Files\MySQL\MySQL Server 8.0\bin;C:\Users\HP\AppData\Roaming\npm;C:\Users\HP\OneDrive\Desktop;
USERNAME=HP
OS=Windows_NT
PROCESSOR_IDENTIFIER=Intel64 Family 6 Model 122 Stepping 8, GenuineIntel
TMP=C:\Users\HP\AppData\Local\Temp
TEMP=C:\Users\HP\AppData\Local\Temp




Periodic native trim disabled

---------------  S Y S T E M  ---------------

OS:
 Windows 11 , 64 bit Build 22621 (10.0.22621.4830)
OS uptime: 7 days 4:01 hours

CPU: total 4 (initial active 4) (4 cores per cpu, 1 threads per core) family 6 model 122 stepping 8 microcode 0x22, cx8, cmov, fxsr, mmx, 3dnowpref, sse, sse2, sse3, ssse3, sse4.1, sse4.2, popcnt, tsc, tscinvbit, aes, erms, clmul, sha, clflush, clflushopt, rdtscp, rdpid
Processor Information for the first 4 processors :
  Max Mhz: 1101, Current Mhz: 1101, Mhz Limit: 1101

Memory: 4k page, system-wide physical 16199M (3594M free)
TotalPageFile size 23555M (AvailPageFile size 233M)
current process WorkingSet (physical memory assigned to process): 13M, peak: 13M
current process commit charge ("private bytes"): 52M, peak: 306M

vm_info: OpenJDK 64-Bit Server VM (23.0.2+7) for windows-amd64 JRE (23.0.2+7), built on 2025-01-21T00:00:00Z with MS VC++ 17.7 (VS2022)

END.
